[INFO ] 2024-04-10 19:53:35.170 [main] LoginStep - Broeser setup....
[INFO ] 2024-04-10 19:53:38.061 [main] LoginStep - Url Enters
[INFO ] 2024-04-10 19:53:38.352 [main] LoginStep - All the details Entered
[INFO ] 2024-04-10 19:53:40.063 [main] LoginStep - Title validation....
[INFO ] 2024-04-10 19:53:42.359 [main] LoginStep - Title validation....
[INFO ] 2024-04-10 19:53:42.553 [main] LoginStep - Close Browser
[INFO ] 2024-04-10 19:53:45.290 [main] LoginStep - Broeser setup....
[INFO ] 2024-04-10 19:53:46.954 [main] LoginStep - Url Enters
[INFO ] 2024-04-10 19:53:47.357 [main] LoginStep - All the details Entered
[INFO ] 2024-04-10 19:53:49.751 [main] LoginStep - Title validation....
[INFO ] 2024-04-10 19:53:51.499 [main] LoginStep - Title validation....
[INFO ] 2024-04-10 19:53:51.676 [main] LoginStep - Close Browser
[INFO ] 2024-04-10 19:53:54.461 [main] LoginStep - Broeser setup....
[INFO ] 2024-04-10 19:53:56.269 [main] LoginStep - Url Enters
[INFO ] 2024-04-10 19:53:56.517 [main] LoginStep - All the details Entered
[INFO ] 2024-04-10 19:55:21.736 [main] LoginStep - Broeser setup....
[INFO ] 2024-04-10 19:55:23.538 [main] LoginStep - Url Enters
[INFO ] 2024-04-10 19:55:23.811 [main] LoginStep - All the details Entered
[INFO ] 2024-04-10 19:55:26.034 [main] LoginStep - Title validation....
[INFO ] 2024-04-10 19:55:28.627 [main] LoginStep - entering Email Id and details
[INFO ] 2024-04-10 19:55:31.535 [main] LoginStep - Close Browser
[INFO ] 2024-04-10 19:55:34.571 [main] LoginStep - Broeser setup....
[INFO ] 2024-04-10 19:55:36.538 [main] LoginStep - Url Enters
[INFO ] 2024-04-10 19:55:36.802 [main] LoginStep - All the details Entered
[INFO ] 2024-04-10 19:55:38.646 [main] LoginStep - Title validation....
[INFO ] 2024-04-10 19:55:43.950 [main] LoginStep - [nWSLAwA@gmail.com, ABC XYZ, Registered, Dot, duclivegiolinh@gmail1980.com, Huyen Nguyen, Registered, AMAZON FC, kiyjcycyhjc676008@gmail.com, Virat Kohli, Registered, Indian Cricket Team, victoria_victoria@nopCommerce.com, Victoria Terces, Registered, , brenda_lindgren@nopCommerce.com, Brenda Lindgren, Registered, , james_pan@nopCommerce.com, James Pan, Registered, , arthur_holmes@nopCommerce.com, Arthur Holmes, Registered, , steve_gates@nopCommerce.com, Steve Gates, Registered, ]
[INFO ] 2024-04-10 19:55:44.193 [main] LoginStep - Close Browser
[INFO ] 2024-04-13 14:23:43.247 [main] LoginStep - Broeser setup....
[INFO ] 2024-04-13 14:23:47.471 [main] LoginStep - Url Enters
[INFO ] 2024-04-13 14:23:48.124 [main] LoginStep - All the details Entered
[INFO ] 2024-04-13 14:23:56.155 [main] LoginStep - Title validation....
[INFO ] 2024-04-13 14:24:01.225 [main] LoginStep - entering Email Id and details
[INFO ] 2024-04-13 14:24:05.862 [main] LoginStep - Close Browser
[INFO ] 2024-04-13 14:24:07.578 [main] LoginStep - Broeser setup....
[INFO ] 2024-04-13 14:24:13.259 [main] LoginStep - Url Enters
[INFO ] 2024-04-13 14:24:13.567 [main] LoginStep - All the details Entered
[INFO ] 2024-04-13 14:24:26.087 [main] LoginStep - Title validation....
[INFO ] 2024-04-13 14:24:33.839 [main] LoginStep - [sgrPjCH@gmail.com, ABC XYZ, Registered, Dot, test3@gmail.com, sai reddy, Registered, atos, shivam12@mail.com, shivam srivastava, Registered, , kiyjcycyhjc676008@gmail.com, Virat Kohli, Registered, Indian Cricket Team, victoria_victoria@nopCommerce.com, Victoria Terces, Registered, , brenda_lindgren@nopCommerce.com, Brenda Lindgren, Registered, , james_pan@nopCommerce.com, James Pan, Registered, , arthur_holmes@nopCommerce.com, Arthur Holmes, Registered, , steve_gates@nopCommerce.com, Steve Gates, Registered, ]
[INFO ] 2024-04-13 14:24:34.268 [main] LoginStep - Close Browser
[INFO ] 2024-04-13 14:28:12.306 [main] LoginStep - Broeser setup....
[INFO ] 2024-04-13 14:28:17.066 [main] LoginStep - Url Enters
[INFO ] 2024-04-13 14:28:17.513 [main] LoginStep - All the details Entered
[INFO ] 2024-04-13 14:28:24.502 [main] LoginStep - Title validation....
[INFO ] 2024-04-13 14:28:29.028 [main] LoginStep - entering Email Id and details
[INFO ] 2024-04-13 14:28:33.621 [main] LoginStep - Close Browser
[INFO ] 2024-04-13 14:28:35.058 [main] LoginStep - Broeser setup....
[INFO ] 2024-04-13 14:28:38.201 [main] LoginStep - Url Enters
[INFO ] 2024-04-13 14:28:38.546 [main] LoginStep - All the details Entered
[INFO ] 2024-04-13 14:28:47.525 [main] LoginStep - Title validation....
[INFO ] 2024-04-13 14:28:54.555 [main] LoginStep - [xFwurkH@gmail.com, ABC XYZ, Registered, Dot, sgrPjCH@gmail.com, ABC XYZ, Registered, Dot, test3@gmail.com, sai reddy, Registered, atos, shivam12@mail.com, shivam srivastava, Registered, , kiyjcycyhjc676008@gmail.com, Virat Kohli, Registered, Indian Cricket Team, victoria_victoria@nopCommerce.com, Victoria Terces, Registered, , brenda_lindgren@nopCommerce.com, Brenda Lindgren, Registered, , james_pan@nopCommerce.com, James Pan, Registered, , arthur_holmes@nopCommerce.com, Arthur Holmes, Registered, , steve_gates@nopCommerce.com, Steve Gates, Registered, ]
[INFO ] 2024-04-13 14:28:54.978 [main] LoginStep - Close Browser
[INFO ] 2024-04-13 14:32:40.361 [main] LoginStep - Broeser setup....
[INFO ] 2024-04-13 14:32:44.784 [main] LoginStep - Url Enters
[INFO ] 2024-04-13 14:32:45.142 [main] LoginStep - All the details Entered
[INFO ] 2024-04-13 14:32:55.522 [main] LoginStep - Title validation....
[INFO ] 2024-04-13 14:32:57.766 [main] LoginStep - Broeser setup....
[INFO ] 2024-04-13 14:33:02.270 [main] LoginStep - Url Enters
[INFO ] 2024-04-13 14:33:02.670 [main] LoginStep - All the details Entered
[INFO ] 2024-04-13 14:33:12.589 [main] LoginStep - Title validation....
[INFO ] 2024-04-13 14:44:28.399 [main] LoginStep - Broeser setup....
[INFO ] 2024-04-13 14:44:32.181 [main] LoginStep - Url Enters
[INFO ] 2024-04-13 14:44:34.327 [main] LoginStep - All the details Entered
[INFO ] 2024-04-13 14:44:56.739 [main] LoginStep - Title validation....
[INFO ] 2024-04-13 14:44:58.813 [main] LoginStep - Broeser setup....
[INFO ] 2024-04-13 14:45:04.636 [main] LoginStep - Url Enters
[INFO ] 2024-04-13 14:45:05.034 [main] LoginStep - All the details Entered
[INFO ] 2024-04-13 14:45:18.970 [main] LoginStep - Title validation....
[INFO ] 2024-04-13 14:51:11.142 [main] LoginStep - Broeser setup....
[INFO ] 2024-04-13 14:51:22.105 [main] LoginStep - Url Enters
[INFO ] 2024-04-13 14:51:22.535 [main] LoginStep - All the details Entered
[INFO ] 2024-04-13 14:51:42.170 [main] LoginStep - Title validation....
[INFO ] 2024-04-13 14:51:44.537 [main] LoginStep - Broeser setup....
[INFO ] 2024-04-13 14:51:48.716 [main] LoginStep - Url Enters
[INFO ] 2024-04-13 14:51:49.114 [main] LoginStep - All the details Entered
[INFO ] 2024-04-13 14:52:00.884 [main] LoginStep - Title validation....
[INFO ] 2024-04-13 14:54:39.893 [main] LoginStep - Broeser setup....
[INFO ] 2024-04-13 14:54:45.716 [main] LoginStep - Url Enters
[INFO ] 2024-04-13 14:54:46.258 [main] LoginStep - All the details Entered
[INFO ] 2024-04-13 14:54:57.457 [main] LoginStep - Title validation....
[INFO ] 2024-04-13 14:54:59.656 [main] LoginStep - Broeser setup....
[INFO ] 2024-04-13 14:55:05.187 [main] LoginStep - Url Enters
[INFO ] 2024-04-13 14:55:05.585 [main] LoginStep - All the details Entered
[INFO ] 2024-04-13 14:55:15.410 [main] LoginStep - Title validation....
[INFO ] 2024-04-13 14:56:02.971 [main] LoginStep - Broeser setup....
[INFO ] 2024-04-13 14:56:08.083 [main] LoginStep - Url Enters
[INFO ] 2024-04-13 14:56:08.500 [main] LoginStep - All the details Entered
[INFO ] 2024-04-13 14:56:18.578 [main] LoginStep - Title validation....
[INFO ] 2024-04-13 14:56:26.327 [main] LoginStep - entering Email Id and details
[INFO ] 2024-04-13 14:56:32.024 [main] LoginStep - Broeser setup....
[INFO ] 2024-04-13 14:56:38.219 [main] LoginStep - Url Enters
[INFO ] 2024-04-13 14:56:38.616 [main] LoginStep - All the details Entered
[INFO ] 2024-04-13 14:56:55.353 [main] LoginStep - Title validation....
[INFO ] 2024-04-13 14:57:06.482 [main] LoginStep - [sqNFASJ@gmail.com, ABC XYZ, Registered, Dot, xFwurkH@gmail.com, ABC XYZ, Registered, Dot, sgrPjCH@gmail.com, ABC XYZ, Registered, Dot, test3@gmail.com, sai reddy, Registered, atos, shivam12@mail.com, shivam srivastava, Registered, , kiyjcycyhjc676008@gmail.com, Virat Kohli, Registered, Indian Cricket Team, victoria_victoria@nopCommerce.com, Victoria Terces, Registered, , brenda_lindgren@nopCommerce.com, Brenda Lindgren, Registered, , james_pan@nopCommerce.com, James Pan, Registered, , arthur_holmes@nopCommerce.com, Arthur Holmes, Registered, , steve_gates@nopCommerce.com, Steve Gates, Registered, ]
[INFO ] 2024-04-13 14:58:53.430 [main] LoginStep - Broeser setup....
[INFO ] 2024-04-13 14:58:58.093 [main] LoginStep - Url Enters
[INFO ] 2024-04-13 14:58:58.506 [main] LoginStep - All the details Entered
[INFO ] 2024-04-13 14:59:16.523 [main] LoginStep - Title validation....
[INFO ] 2024-04-13 14:59:18.121 [main] LoginStep - Broeser setup....
[INFO ] 2024-04-13 14:59:22.863 [main] LoginStep - Url Enters
[INFO ] 2024-04-13 14:59:23.291 [main] LoginStep - All the details Entered
[INFO ] 2024-04-13 14:59:33.450 [main] LoginStep - Title validation....
[INFO ] 2024-04-13 14:59:35.877 [main] LoginStep - Title validation....
[INFO ] 2024-04-13 14:59:37.270 [main] LoginStep - Broeser setup....
[INFO ] 2024-04-13 14:59:41.457 [main] LoginStep - Url Enters
[INFO ] 2024-04-13 14:59:41.792 [main] LoginStep - All the details Entered
[INFO ] 2024-04-13 14:59:51.581 [main] LoginStep - Title validation....
[INFO ] 2024-04-13 14:59:54.846 [main] LoginStep - Title validation....
[INFO ] 2024-04-13 14:59:56.219 [main] LoginStep - Broeser setup....
[INFO ] 2024-04-13 15:00:01.688 [main] LoginStep - Url Enters
[INFO ] 2024-04-13 15:00:02.029 [main] LoginStep - All the details Entered
[INFO ] 2024-04-13 15:00:06.898 [main] LoginStep - Broeser setup....
[INFO ] 2024-04-13 15:00:11.396 [main] LoginStep - Url Enters
[INFO ] 2024-04-13 15:00:11.707 [main] LoginStep - All the details Entered
[INFO ] 2024-04-13 15:00:22.945 [main] LoginStep - Title validation....
[INFO ] 2024-04-13 15:00:31.087 [main] LoginStep - entering Email Id and details
[INFO ] 2024-04-13 15:00:35.938 [main] LoginStep - Broeser setup....
[INFO ] 2024-04-13 15:00:40.398 [main] LoginStep - Url Enters
[INFO ] 2024-04-13 15:00:43.506 [main] LoginStep - All the details Entered
[INFO ] 2024-04-13 15:00:53.629 [main] LoginStep - Title validation....
[INFO ] 2024-04-13 15:01:03.694 [main] LoginStep - [NGYqzWH@gmail.com, ABC XYZ, Registered, Dot, sqNFASJ@gmail.com, ABC XYZ, Registered, Dot, xFwurkH@gmail.com, ABC XYZ, Registered, Dot, sgrPjCH@gmail.com, ABC XYZ, Registered, Dot, test3@gmail.com, sai reddy, Registered, atos, shivam12@mail.com, shivam srivastava, Registered, , kiyjcycyhjc676008@gmail.com, Virat Kohli, Registered, Indian Cricket Team, victoria_victoria@nopCommerce.com, Victoria Terces, Registered, , brenda_lindgren@nopCommerce.com, Brenda Lindgren, Registered, , james_pan@nopCommerce.com, James Pan, Registered, , arthur_holmes@nopCommerce.com, Arthur Holmes, Registered, , steve_gates@nopCommerce.com, Steve Gates, Registered, ]
[INFO ] 2024-04-13 15:12:33.776 [main] LoginStep - Broeser setup....
[INFO ] 2024-04-13 15:12:37.143 [main] LoginStep - Url Enters
[INFO ] 2024-04-13 15:12:37.494 [main] LoginStep - All the details Entered
[INFO ] 2024-04-13 15:12:49.024 [main] LoginStep - Title validation....
[INFO ] 2024-04-13 15:12:50.503 [main] LoginStep - Broeser setup....
[INFO ] 2024-04-13 15:12:55.403 [main] LoginStep - Url Enters
[INFO ] 2024-04-13 15:12:55.772 [main] LoginStep - All the details Entered
[INFO ] 2024-04-13 15:13:03.362 [main] LoginStep - Title validation....
[INFO ] 2024-04-13 15:13:06.118 [main] LoginStep - Broeser setup....
[INFO ] 2024-04-13 15:13:10.262 [main] LoginStep - Url Enters
[INFO ] 2024-04-13 15:13:10.645 [main] LoginStep - All the details Entered
[INFO ] 2024-04-13 15:13:19.701 [main] LoginStep - Title validation....
[INFO ] 2024-04-13 15:13:22.757 [main] LoginStep - Title validation....
[INFO ] 2024-04-13 15:13:24.340 [main] LoginStep - Broeser setup....
[INFO ] 2024-04-13 15:13:30.233 [main] LoginStep - Url Enters
[INFO ] 2024-04-13 15:13:30.567 [main] LoginStep - All the details Entered
[INFO ] 2024-04-13 15:13:33.346 [main] LoginStep - Broeser setup....
[INFO ] 2024-04-13 15:13:38.112 [main] LoginStep - Url Enters
[INFO ] 2024-04-13 15:13:38.444 [main] LoginStep - All the details Entered
[INFO ] 2024-04-13 15:13:48.845 [main] LoginStep - Title validation....
[INFO ] 2024-04-13 15:13:57.302 [main] LoginStep - entering Email Id and details
[INFO ] 2024-04-13 15:14:02.290 [main] LoginStep - Broeser setup....
[INFO ] 2024-04-13 15:14:06.760 [main] LoginStep - Url Enters
[INFO ] 2024-04-13 15:14:10.783 [main] LoginStep - All the details Entered
[INFO ] 2024-04-13 15:14:24.410 [main] LoginStep - Title validation....
[INFO ] 2024-04-13 15:14:33.985 [main] LoginStep - [XPbpcQZ@gmail.com, ABC XYZ, Registered, Dot, kiyjcycyhjc676008@gmail.com, Virat Kohli, Registered, Indian Cricket Team, victoria_victoria@nopCommerce.com, Victoria Terces, Registered, , brenda_lindgren@nopCommerce.com, Brenda Lindgren, Registered, , james_pan@nopCommerce.com, James Pan, Registered, , arthur_holmes@nopCommerce.com, Arthur Holmes, Registered, , steve_gates@nopCommerce.com, Steve Gates, Registered, ]
[INFO ] 2024-04-13 17:07:19.090 [main] LoginStep - Broeser setup....
[INFO ] 2024-04-13 17:07:24.966 [main] LoginStep - Url Enters
[INFO ] 2024-04-13 17:07:25.386 [main] LoginStep - All the details Entered
[INFO ] 2024-04-13 17:07:36.968 [main] LoginStep - Title validation....
[INFO ] 2024-04-13 17:07:38.689 [main] LoginStep - Broeser setup....
[INFO ] 2024-04-13 17:07:43.396 [main] LoginStep - Url Enters
[INFO ] 2024-04-13 17:07:43.822 [main] LoginStep - All the details Entered
[INFO ] 2024-04-13 17:07:52.872 [main] LoginStep - Title validation....
[INFO ] 2024-04-13 17:07:56.759 [main] LoginStep - Title validation....
[INFO ] 2024-04-13 17:07:58.307 [main] LoginStep - Broeser setup....
[INFO ] 2024-04-13 17:08:35.457 [main] LoginStep - Url Enters
[INFO ] 2024-04-13 17:08:35.821 [main] LoginStep - All the details Entered
[INFO ] 2024-04-13 17:08:47.818 [main] LoginStep - Title validation....
[INFO ] 2024-04-13 17:08:50.589 [main] LoginStep - Broeser setup....
[INFO ] 2024-04-13 17:08:54.191 [main] LoginStep - Url Enters
[INFO ] 2024-04-13 17:08:54.527 [main] LoginStep - All the details Entered
[INFO ] 2024-04-13 17:08:58.453 [main] LoginStep - Broeser setup....
[INFO ] 2024-04-13 17:09:02.251 [main] LoginStep - Url Enters
[INFO ] 2024-04-13 17:09:02.581 [main] LoginStep - All the details Entered
[INFO ] 2024-04-13 17:09:24.329 [main] LoginStep - Title validation....
[INFO ] 2024-04-13 17:09:31.913 [main] LoginStep - entering Email Id and details
[INFO ] 2024-04-13 17:09:38.824 [main] LoginStep - Broeser setup....
[INFO ] 2024-04-13 17:09:43.191 [main] LoginStep - Url Enters
[INFO ] 2024-04-13 17:09:44.422 [main] LoginStep - All the details Entered
[INFO ] 2024-04-13 17:09:59.236 [main] LoginStep - Title validation....
[INFO ] 2024-04-13 17:10:12.873 [main] LoginStep - [MPQeFBQ@gmail.com, ABC XYZ, Registered, Dot, kiyjcycyhjc676008@gmail.com, Virat Kohli, Registered, Indian Cricket Team, victoria_victoria@nopCommerce.com, Victoria Terces, Registered, , brenda_lindgren@nopCommerce.com, Brenda Lindgren, Registered, , james_pan@nopCommerce.com, James Pan, Registered, , arthur_holmes@nopCommerce.com, Arthur Holmes, Registered, , steve_gates@nopCommerce.com, Steve Gates, Registered, ]
